build/app/intermediates/manifest_merge_blame_file/debug/manifest-merger-blame-debug-report.txt
1<?xml version="1.0" encoding="utf-8"?>
2<manifest xmlns:android="http://schemas.android.com/apk/res/android"
3    package="com.kzn.chitcute"
4    android:versionCode="1"
5    android:versionName="1.0.0" >
6
7    <uses-sdk
8        android:minSdkVersion="21"
9        android:targetSdkVersion="30" />
10    <!--
11         Flutter needs it to communicate with the running application
12         to allow setting breakpoints, to provide hot reload, etc.
13    -->
14    <uses-permission android:name="android.permission.INTERNET" />
14-->src/debug/AndroidManifest.xml:6:5-66
14-->src/debug/AndroidManifest.xml:6:22-64
15    <uses-permission android:name="android.permission.WAKE_LOCK" />
15-->[:firebase_messaging] AndroidManifest.xml:8:5-68
15-->[:firebase_messaging] AndroidManifest.xml:8:22-65
16    <uses-permission android:name="android.permission.ACCESS_NETWORK_STATE" />
16-->[:firebase_messaging] AndroidManifest.xml:9:5-79
16-->[:firebase_messaging] AndroidManifest.xml:9:22-76
17    <uses-permission android:name="android.permission.RECEIVE_BOOT_COMPLETED" />
17-->[:flutter_local_notifications] AndroidManifest.xml:7:5-81
17-->[:flutter_local_notifications] AndroidManifest.xml:7:22-78
18    <uses-permission android:name="android.permission.VIBRATE" />
18-->[:flutter_local_notifications] AndroidManifest.xml:8:5-66
18-->[:flutter_local_notifications] AndroidManifest.xml:8:22-63
19    <uses-permission android:name="android.permission.USE_FULL_SCREEN_INTENT" />
19-->[:flutter_local_notifications] AndroidManifest.xml:9:5-81
19-->[:flutter_local_notifications] AndroidManifest.xml:9:22-78
20    <uses-permission android:name="android.permission.SCHEDULE_EXACT_ALARM" />
20-->[:flutter_local_notifications] AndroidManifest.xml:10:5-79
20-->[:flutter_local_notifications] AndroidManifest.xml:10:22-76
21
22    <queries>
22-->[com.google.firebase:firebase-inappmessaging-display:20.1.1] AndroidManifest.xml:14:5-20:15
23        <intent>
23-->[com.google.firebase:firebase-inappmessaging-display:20.1.1] AndroidManifest.xml:15:9-19:18
24            <action android:name="android.intent.action.VIEW" />
24-->[com.google.firebase:firebase-inappmessaging-display:20.1.1] AndroidManifest.xml:16:13-65
24-->[com.google.firebase:firebase-inappmessaging-display:20.1.1] AndroidManifest.xml:16:21-62
25
26            <data android:scheme="https" />
26-->[com.google.firebase:firebase-inappmessaging-display:20.1.1] AndroidManifest.xml:18:13-44
26-->[com.google.firebase:firebase-inappmessaging-display:20.1.1] AndroidManifest.xml:18:19-41
27        </intent>
28    </queries> <!-- Required by older versions of Google Play services to create IID tokens -->
29    <uses-permission android:name="com.google.android.c2dm.permission.RECEIVE" />
29-->[com.google.firebase:firebase-messaging:23.0.0] AndroidManifest.xml:25:5-82
29-->[com.google.firebase:firebase-messaging:23.0.0] AndroidManifest.xml:25:22-79
30    <uses-permission android:name="com.google.android.finsky.permission.BIND_GET_INSTALL_REFERRER_SERVICE" />
30-->[com.google.android.gms:play-services-measurement:20.0.0] AndroidManifest.xml:26:5-110
30-->[com.google.android.gms:play-services-measurement:20.0.0] AndroidManifest.xml:26:22-107
31
32    <application
32-->src/main/AndroidManifest.xml:3:4-40:19
33        android:appComponentFactory="androidx.core.app.CoreComponentFactory"
33-->[androidx.core:core:1.3.0] AndroidManifest.xml:24:18-86
34        android:debuggable="true"
35        android:icon="@mipmap/ic_launcher"
35-->src/main/AndroidManifest.xml:5:9-43
36        android:label="Chit Cute" >
36-->src/main/AndroidManifest.xml:4:9-34
37        <activity
37-->src/main/AndroidManifest.xml:6:9-34:20
38            android:name="com.kzn.chitcute.MainActivity"
38-->src/main/AndroidManifest.xml:7:13-41
39            android:configChanges="orientation|keyboardHidden|keyboard|screenSize|smallestScreenSize|locale|layoutDirection|fontScale|screenLayout|density|uiMode"
39-->src/main/AndroidManifest.xml:10:13-163
40            android:hardwareAccelerated="true"
40-->src/main/AndroidManifest.xml:11:13-47
41            android:launchMode="singleTop"
41-->src/main/AndroidManifest.xml:8:13-43
42            android:theme="@style/LaunchTheme"
42-->src/main/AndroidManifest.xml:9:13-47
43            android:windowSoftInputMode="adjustResize" >
43-->src/main/AndroidManifest.xml:12:13-55
44
45            <!--
46                 Specifies an Android theme to apply to this Activity as soon as
47                 the Android process has started. This theme is visible to the user
48                 while the Flutter UI initializes. After that, this theme continues
49                 to determine the Window background behind the Flutter UI.
50            -->
51            <meta-data
51-->src/main/AndroidManifest.xml:17:13-20:17
52                android:name="io.flutter.embedding.android.NormalTheme"
52-->src/main/AndroidManifest.xml:18:15-70
53                android:resource="@style/NormalTheme" />
53-->src/main/AndroidManifest.xml:19:15-52
54            <!--
55                 Displays an Android View that continues showing the launch screen
56                 Drawable until Flutter paints its first frame, then this splash
57                 screen fades out. A splash screen is useful to avoid any visual
58                 gap between the end of Android's launch screen and the painting of
59                 Flutter's first frame.
60            -->
61            <meta-data
61-->src/main/AndroidManifest.xml:26:13-29:17
62                android:name="io.flutter.embedding.android.SplashScreenDrawable"
62-->src/main/AndroidManifest.xml:27:15-79
63                android:resource="@drawable/launch_background" />
63-->src/main/AndroidManifest.xml:28:15-61
64
65            <intent-filter>
65-->src/main/AndroidManifest.xml:30:13-33:29
66                <action android:name="android.intent.action.MAIN" />
66-->src/main/AndroidManifest.xml:31:17-68
66-->src/main/AndroidManifest.xml:31:25-66
67
68                <category android:name="android.intent.category.LAUNCHER" />
68-->src/main/AndroidManifest.xml:32:17-76
68-->src/main/AndroidManifest.xml:32:27-74
69            </intent-filter>
70        </activity>
71        <!--
72             Don't delete the meta-data below.
73             This is used by the Flutter tool to generate GeneratedPluginRegistrant.java
74        -->
75        <meta-data
75-->src/main/AndroidManifest.xml:37:9-39:33
76            android:name="flutterEmbedding"
76-->src/main/AndroidManifest.xml:38:13-44
77            android:value="2" />
77-->src/main/AndroidManifest.xml:39:13-30
78
79        <service
79-->[:cloud_firestore] AndroidManifest.xml:8:9-12:19
80            android:name="com.google.firebase.components.ComponentDiscoveryService"
80-->[:cloud_firestore] AndroidManifest.xml:8:18-89
81            android:directBootAware="true"
81-->[com.google.firebase:firebase-common:20.0.0] AndroidManifest.xml:35:13-43
82            android:exported="false" >
82-->[com.google.firebase:firebase-inappmessaging-display:20.1.1] AndroidManifest.xml:25:13-37
83            <meta-data
83-->[:cloud_firestore] AndroidManifest.xml:9:13-11:85
84                android:name="com.google.firebase.components:io.flutter.plugins.firebase.firestore.FlutterFirebaseFirestoreRegistrar"
84-->[:cloud_firestore] AndroidManifest.xml:10:17-134
85                android:value="com.google.firebase.components.ComponentRegistrar" />
85-->[:cloud_firestore] AndroidManifest.xml:11:17-82
86            <meta-data
86-->[:firebase_auth] AndroidManifest.xml:9:13-11:85
87                android:name="com.google.firebase.components:io.flutter.plugins.firebase.auth.FlutterFirebaseAuthRegistrar"
87-->[:firebase_auth] AndroidManifest.xml:10:17-124
88                android:value="com.google.firebase.components.ComponentRegistrar" />
88-->[:firebase_auth] AndroidManifest.xml:11:17-82
89            <meta-data
89-->[:firebase_storage] AndroidManifest.xml:9:13-11:85
90                android:name="com.google.firebase.components:io.flutter.plugins.firebase.storage.FlutterFirebaseAppRegistrar"
90-->[:firebase_storage] AndroidManifest.xml:10:17-126
91                android:value="com.google.firebase.components.ComponentRegistrar" />
91-->[:firebase_storage] AndroidManifest.xml:11:17-82
92            <meta-data
92-->[:firebase_messaging] AndroidManifest.xml:34:13-36:85
93                android:name="com.google.firebase.components:io.flutter.plugins.firebase.messaging.FlutterFirebaseAppRegistrar"
93-->[:firebase_messaging] AndroidManifest.xml:35:17-128
94                android:value="com.google.firebase.components.ComponentRegistrar" />
94-->[:firebase_messaging] AndroidManifest.xml:36:17-82
95            <meta-data
95-->[:firebase_core] AndroidManifest.xml:9:13-11:85
96                android:name="com.google.firebase.components:io.flutter.plugins.firebase.core.FlutterFirebaseCoreRegistrar"
96-->[:firebase_core] AndroidManifest.xml:10:17-124
97                android:value="com.google.firebase.components.ComponentRegistrar" />
97-->[:firebase_core] AndroidManifest.xml:11:17-82
98            <meta-data
98-->[com.google.firebase:firebase-inappmessaging-display:20.1.1] AndroidManifest.xml:26:13-28:85
99                android:name="com.google.firebase.components:com.google.firebase.inappmessaging.display.FirebaseInAppMessagingDisplayRegistrar"
99-->[com.google.firebase:firebase-inappmessaging-display:20.1.1] AndroidManifest.xml:27:17-144
100                android:value="com.google.firebase.components.ComponentRegistrar" />
100-->[com.google.firebase:firebase-inappmessaging-display:20.1.1] AndroidManifest.xml:28:17-82
101            <meta-data
101-->[com.google.firebase:firebase-messaging:23.0.0] AndroidManifest.xml:52:13-54:85
102                android:name="com.google.firebase.components:com.google.firebase.messaging.FirebaseMessagingRegistrar"
102-->[com.google.firebase:firebase-messaging:23.0.0] AndroidManifest.xml:53:17-119
103                android:value="com.google.firebase.components.ComponentRegistrar" />
103-->[com.google.firebase:firebase-messaging:23.0.0] AndroidManifest.xml:54:17-82
104            <meta-data
104-->[com.google.firebase:firebase-inappmessaging:20.1.1] AndroidManifest.xml:17:13-19:85
105                android:name="com.google.firebase.components:com.google.firebase.inappmessaging.FirebaseInAppMessagingRegistrar"
105-->[com.google.firebase:firebase-inappmessaging:20.1.1] AndroidManifest.xml:18:17-129
106                android:value="com.google.firebase.components.ComponentRegistrar" />
106-->[com.google.firebase:firebase-inappmessaging:20.1.1] AndroidManifest.xml:19:17-82
107            <meta-data
107-->[com.google.firebase:firebase-datatransport:18.1.0] AndroidManifest.xml:28:13-30:85
108                android:name="com.google.firebase.components:com.google.firebase.datatransport.TransportRegistrar"
108-->[com.google.firebase:firebase-datatransport:18.1.0] AndroidManifest.xml:29:17-115
109                android:value="com.google.firebase.components.ComponentRegistrar" />
109-->[com.google.firebase:firebase-datatransport:18.1.0] AndroidManifest.xml:30:17-82
110            <meta-data
110-->[com.google.firebase:firebase-auth:21.0.1] AndroidManifest.xml:77:13-79:85
111                android:name="com.google.firebase.components:com.google.firebase.auth.FirebaseAuthRegistrar"
111-->[com.google.firebase:firebase-auth:21.0.1] AndroidManifest.xml:78:17-109
112                android:value="com.google.firebase.components.ComponentRegistrar" />
112-->[com.google.firebase:firebase-auth:21.0.1] AndroidManifest.xml:79:17-82
113            <meta-data
113-->[com.google.firebase:firebase-firestore:24.0.0] AndroidManifest.xml:20:13-22:85
114                android:name="com.google.firebase.components:com.google.firebase.firestore.FirestoreRegistrar"
114-->[com.google.firebase:firebase-firestore:24.0.0] AndroidManifest.xml:21:17-111
115                android:value="com.google.firebase.components.ComponentRegistrar" />
115-->[com.google.firebase:firebase-firestore:24.0.0] AndroidManifest.xml:22:17-82
116            <meta-data
116-->[com.google.firebase:firebase-storage:20.0.0] AndroidManifest.xml:33:13-35:85
117                android:name="com.google.firebase.components:com.google.firebase.storage.StorageRegistrar"
117-->[com.google.firebase:firebase-storage:20.0.0] AndroidManifest.xml:34:17-107
118                android:value="com.google.firebase.components.ComponentRegistrar" />
118-->[com.google.firebase:firebase-storage:20.0.0] AndroidManifest.xml:35:17-82
119            <meta-data
119-->[com.google.android.gms:play-services-measurement-api:20.0.0] AndroidManifest.xml:30:13-32:85
120                android:name="com.google.firebase.components:com.google.firebase.analytics.connector.internal.AnalyticsConnectorRegistrar"
120-->[com.google.android.gms:play-services-measurement-api:20.0.0] AndroidManifest.xml:31:17-139
121                android:value="com.google.firebase.components.ComponentRegistrar" />
121-->[com.google.android.gms:play-services-measurement-api:20.0.0] AndroidManifest.xml:32:17-82
122            <meta-data
122-->[com.google.firebase:firebase-installations:17.0.0] AndroidManifest.xml:18:13-20:85
123                android:name="com.google.firebase.components:com.google.firebase.installations.FirebaseInstallationsRegistrar"
123-->[com.google.firebase:firebase-installations:17.0.0] AndroidManifest.xml:19:17-127
124                android:value="com.google.firebase.components.ComponentRegistrar" />
124-->[com.google.firebase:firebase-installations:17.0.0] AndroidManifest.xml:20:17-82
125            <meta-data
125-->[com.google.firebase:firebase-abt:21.0.0] AndroidManifest.xml:13:13-15:85
126                android:name="com.google.firebase.components:com.google.firebase.abt.component.AbtRegistrar"
126-->[com.google.firebase:firebase-abt:21.0.0] AndroidManifest.xml:14:17-109
127                android:value="com.google.firebase.components.ComponentRegistrar" />
127-->[com.google.firebase:firebase-abt:21.0.0] AndroidManifest.xml:15:17-82
128        </service>
129        <service
129-->[:firebase_messaging] AndroidManifest.xml:12:9-15:72
130            android:name="io.flutter.plugins.firebase.messaging.FlutterFirebaseMessagingBackgroundService"
130-->[:firebase_messaging] AndroidManifest.xml:13:13-107
131            android:exported="false"
131-->[:firebase_messaging] AndroidManifest.xml:14:13-37
132            android:permission="android.permission.BIND_JOB_SERVICE" />
132-->[:firebase_messaging] AndroidManifest.xml:15:13-69
133        <service
133-->[:firebase_messaging] AndroidManifest.xml:16:9-22:19
134            android:name="io.flutter.plugins.firebase.messaging.FlutterFirebaseMessagingService"
134-->[:firebase_messaging] AndroidManifest.xml:17:13-97
135            android:exported="false" >
135-->[:firebase_messaging] AndroidManifest.xml:18:13-37
136            <intent-filter>
136-->[:firebase_messaging] AndroidManifest.xml:19:13-21:29
137                <action android:name="com.google.firebase.MESSAGING_EVENT" />
137-->[:firebase_messaging] AndroidManifest.xml:20:17-78
137-->[:firebase_messaging] AndroidManifest.xml:20:25-75
138            </intent-filter>
139        </service>
140
141        <receiver
141-->[:firebase_messaging] AndroidManifest.xml:24:9-31:20
142            android:name="io.flutter.plugins.firebase.messaging.FlutterFirebaseMessagingReceiver"
142-->[:firebase_messaging] AndroidManifest.xml:25:13-98
143            android:exported="true"
143-->[:firebase_messaging] AndroidManifest.xml:26:13-36
144            android:permission="com.google.android.c2dm.permission.SEND" >
144-->[:firebase_messaging] AndroidManifest.xml:27:13-73
145            <intent-filter>
145-->[:firebase_messaging] AndroidManifest.xml:28:13-30:29
146                <action android:name="com.google.android.c2dm.intent.RECEIVE" />
146-->[:firebase_messaging] AndroidManifest.xml:29:17-81
146-->[:firebase_messaging] AndroidManifest.xml:29:25-78
147            </intent-filter>
148        </receiver>
149
150        <provider
150-->[:firebase_messaging] AndroidManifest.xml:39:9-43:38
151            android:name="io.flutter.plugins.firebase.messaging.FlutterFirebaseMessagingInitProvider"
151-->[:firebase_messaging] AndroidManifest.xml:40:13-102
152            android:authorities="com.kzn.chitcute.flutterfirebasemessaginginitprovider"
152-->[:firebase_messaging] AndroidManifest.xml:41:13-88
153            android:exported="false"
153-->[:firebase_messaging] AndroidManifest.xml:42:13-37
154            android:initOrder="99" />
154-->[:firebase_messaging] AndroidManifest.xml:43:13-35
155        <provider
155-->[:image_picker] AndroidManifest.xml:8:9-16:20
156            android:name="io.flutter.plugins.imagepicker.ImagePickerFileProvider"
156-->[:image_picker] AndroidManifest.xml:9:13-82
157            android:authorities="com.kzn.chitcute.flutter.image_provider"
157-->[:image_picker] AndroidManifest.xml:10:13-74
158            android:exported="false"
158-->[:image_picker] AndroidManifest.xml:11:13-37
159            android:grantUriPermissions="true" >
159-->[:image_picker] AndroidManifest.xml:12:13-47
160            <meta-data
160-->[:image_picker] AndroidManifest.xml:13:13-15:75
161                android:name="android.support.FILE_PROVIDER_PATHS"
161-->[:image_picker] AndroidManifest.xml:14:17-67
162                android:resource="@xml/flutter_image_picker_file_paths" />
162-->[:image_picker] AndroidManifest.xml:15:17-72
163        </provider>
164
165        <receiver
165-->[:flutter_local_notifications] AndroidManifest.xml:13:9-15:40
166            android:name="com.dexterous.flutterlocalnotifications.ScheduledNotificationReceiver"
166-->[:flutter_local_notifications] AndroidManifest.xml:14:13-97
167            android:exported="false" />
167-->[:flutter_local_notifications] AndroidManifest.xml:15:13-37
168        <receiver
168-->[:flutter_local_notifications] AndroidManifest.xml:16:9-25:20
169            android:name="com.dexterous.flutterlocalnotifications.ScheduledNotificationBootReceiver"
169-->[:flutter_local_notifications] AndroidManifest.xml:17:13-101
170            android:exported="false" >
170-->[:flutter_local_notifications] AndroidManifest.xml:18:13-37
171            <intent-filter>
171-->[:flutter_local_notifications] AndroidManifest.xml:19:13-24:29
172                <action android:name="android.intent.action.BOOT_COMPLETED" />
172-->[:flutter_local_notifications] AndroidManifest.xml:20:17-79
172-->[:flutter_local_notifications] AndroidManifest.xml:20:25-76
173                <action android:name="android.intent.action.MY_PACKAGE_REPLACED" />
173-->[:flutter_local_notifications] AndroidManifest.xml:21:17-84
173-->[:flutter_local_notifications] AndroidManifest.xml:21:25-81
174                <action android:name="android.intent.action.QUICKBOOT_POWERON" />
174-->[:flutter_local_notifications] AndroidManifest.xml:22:17-82
174-->[:flutter_local_notifications] AndroidManifest.xml:22:25-79
175                <action android:name="com.htc.intent.action.QUICKBOOT_POWERON" />
175-->[:flutter_local_notifications] AndroidManifest.xml:23:17-82
175-->[:flutter_local_notifications] AndroidManifest.xml:23:25-79
176            </intent-filter>
177        </receiver>
178
179        <activity
179-->[:url_launcher] AndroidManifest.xml:8:9-11:74
180            android:name="io.flutter.plugins.urllauncher.WebViewActivity"
180-->[:url_launcher] AndroidManifest.xml:9:13-74
181            android:exported="false"
181-->[:url_launcher] AndroidManifest.xml:10:13-37
182            android:theme="@android:style/Theme.NoTitleBar.Fullscreen" />
182-->[:url_launcher] AndroidManifest.xml:11:13-71
183
184        <receiver
184-->[com.google.firebase:firebase-messaging:23.0.0] AndroidManifest.xml:28:9-35:20
185            android:name="com.google.firebase.iid.FirebaseInstanceIdReceiver"
185-->[com.google.firebase:firebase-messaging:23.0.0] AndroidManifest.xml:29:13-78
186            android:exported="true"
186-->[com.google.firebase:firebase-messaging:23.0.0] AndroidManifest.xml:30:13-36
187            android:permission="com.google.android.c2dm.permission.SEND" >
187-->[com.google.firebase:firebase-messaging:23.0.0] AndroidManifest.xml:31:13-73
188            <intent-filter>
188-->[:firebase_messaging] AndroidManifest.xml:28:13-30:29
189                <action android:name="com.google.android.c2dm.intent.RECEIVE" />
189-->[:firebase_messaging] AndroidManifest.xml:29:17-81
189-->[:firebase_messaging] AndroidManifest.xml:29:25-78
190            </intent-filter>
191        </receiver>
192        <!--
193             FirebaseMessagingService performs security checks at runtime,
194             but set to not exported to explicitly avoid allowing another app to call it.
195        -->
196        <service
196-->[com.google.firebase:firebase-messaging:23.0.0] AndroidManifest.xml:41:9-48:19
197            android:name="com.google.firebase.messaging.FirebaseMessagingService"
197-->[com.google.firebase:firebase-messaging:23.0.0] AndroidManifest.xml:42:13-82
198            android:directBootAware="true"
198-->[com.google.firebase:firebase-messaging:23.0.0] AndroidManifest.xml:43:13-43
199            android:exported="false" >
199-->[com.google.firebase:firebase-messaging:23.0.0] AndroidManifest.xml:44:13-37
200            <intent-filter android:priority="-500" >
200-->[:firebase_messaging] AndroidManifest.xml:19:13-21:29
201                <action android:name="com.google.firebase.MESSAGING_EVENT" />
201-->[:firebase_messaging] AndroidManifest.xml:20:17-78
201-->[:firebase_messaging] AndroidManifest.xml:20:25-75
202            </intent-filter>
203        </service>
204        <service
204-->[com.google.android.datatransport:transport-backend-cct:3.1.0] AndroidManifest.xml:29:9-35:19
205            android:name="com.google.android.datatransport.runtime.backends.TransportBackendDiscovery"
205-->[com.google.android.datatransport:transport-backend-cct:3.1.0] AndroidManifest.xml:30:13-103
206            android:exported="false" >
206-->[com.google.android.datatransport:transport-backend-cct:3.1.0] AndroidManifest.xml:31:13-37
207            <meta-data
207-->[com.google.android.datatransport:transport-backend-cct:3.1.0] AndroidManifest.xml:32:13-34:39
208                android:name="backend:com.google.android.datatransport.cct.CctBackendFactory"
208-->[com.google.android.datatransport:transport-backend-cct:3.1.0] AndroidManifest.xml:33:17-94
209                android:value="cct" />
209-->[com.google.android.datatransport:transport-backend-cct:3.1.0] AndroidManifest.xml:34:17-36
210        </service>
211        <service
211-->[com.google.android.datatransport:transport-runtime:3.1.0] AndroidManifest.xml:26:9-30:19
212            android:name="com.google.android.datatransport.runtime.scheduling.jobscheduling.JobInfoSchedulerService"
212-->[com.google.android.datatransport:transport-runtime:3.1.0] AndroidManifest.xml:27:13-117
213            android:exported="false"
213-->[com.google.android.datatransport:transport-runtime:3.1.0] AndroidManifest.xml:28:13-37
214            android:permission="android.permission.BIND_JOB_SERVICE" >
214-->[com.google.android.datatransport:transport-runtime:3.1.0] AndroidManifest.xml:29:13-69
215        </service>
216
217        <receiver
217-->[com.google.android.datatransport:transport-runtime:3.1.0] AndroidManifest.xml:32:9-34:40
218            android:name="com.google.android.datatransport.runtime.scheduling.jobscheduling.AlarmManagerSchedulerBroadcastReceiver"
218-->[com.google.android.datatransport:transport-runtime:3.1.0] AndroidManifest.xml:33:13-132
219            android:exported="false" />
219-->[com.google.android.datatransport:transport-runtime:3.1.0] AndroidManifest.xml:34:13-37
220
221        <activity
221-->[com.google.firebase:firebase-auth:21.0.1] AndroidManifest.xml:27:9-44:20
222            android:name="com.google.firebase.auth.internal.GenericIdpActivity"
222-->[com.google.firebase:firebase-auth:21.0.1] AndroidManifest.xml:28:13-80
223            android:excludeFromRecents="true"
223-->[com.google.firebase:firebase-auth:21.0.1] AndroidManifest.xml:29:13-46
224            android:exported="true"
224-->[com.google.firebase:firebase-auth:21.0.1] AndroidManifest.xml:30:13-36
225            android:launchMode="singleTask"
225-->[com.google.firebase:firebase-auth:21.0.1] AndroidManifest.xml:31:13-44
226            android:theme="@android:style/Theme.Translucent.NoTitleBar" >
226-->[com.google.firebase:firebase-auth:21.0.1] AndroidManifest.xml:32:13-72
227            <intent-filter>
227-->[com.google.firebase:firebase-auth:21.0.1] AndroidManifest.xml:33:13-43:29
228                <action android:name="android.intent.action.VIEW" />
228-->[com.google.firebase:firebase-inappmessaging-display:20.1.1] AndroidManifest.xml:16:13-65
228-->[com.google.firebase:firebase-inappmessaging-display:20.1.1] AndroidManifest.xml:16:21-62
229
230                <category android:name="android.intent.category.DEFAULT" />
230-->[com.google.firebase:firebase-auth:21.0.1] AndroidManifest.xml:36:17-76
230-->[com.google.firebase:firebase-auth:21.0.1] AndroidManifest.xml:36:27-73
231                <category android:name="android.intent.category.BROWSABLE" />
231-->[com.google.firebase:firebase-auth:21.0.1] AndroidManifest.xml:37:17-78
231-->[com.google.firebase:firebase-auth:21.0.1] AndroidManifest.xml:37:27-75
232
233                <data
233-->[com.google.firebase:firebase-inappmessaging-display:20.1.1] AndroidManifest.xml:18:13-44
234                    android:host="firebase.auth"
235                    android:path="/"
236                    android:scheme="genericidp" />
236-->[com.google.firebase:firebase-inappmessaging-display:20.1.1] AndroidManifest.xml:18:19-41
237            </intent-filter>
238        </activity>
239        <activity
239-->[com.google.firebase:firebase-auth:21.0.1] AndroidManifest.xml:45:9-62:20
240            android:name="com.google.firebase.auth.internal.RecaptchaActivity"
240-->[com.google.firebase:firebase-auth:21.0.1] AndroidManifest.xml:46:13-79
241            android:excludeFromRecents="true"
241-->[com.google.firebase:firebase-auth:21.0.1] AndroidManifest.xml:47:13-46
242            android:exported="true"
242-->[com.google.firebase:firebase-auth:21.0.1] AndroidManifest.xml:48:13-36
243            android:launchMode="singleTask"
243-->[com.google.firebase:firebase-auth:21.0.1] AndroidManifest.xml:49:13-44
244            android:theme="@android:style/Theme.Translucent.NoTitleBar" >
244-->[com.google.firebase:firebase-auth:21.0.1] AndroidManifest.xml:50:13-72
245            <intent-filter>
245-->[com.google.firebase:firebase-auth:21.0.1] AndroidManifest.xml:51:13-61:29
246                <action android:name="android.intent.action.VIEW" />
246-->[com.google.firebase:firebase-inappmessaging-display:20.1.1] AndroidManifest.xml:16:13-65
246-->[com.google.firebase:firebase-inappmessaging-display:20.1.1] AndroidManifest.xml:16:21-62
247
248                <category android:name="android.intent.category.DEFAULT" />
248-->[com.google.firebase:firebase-auth:21.0.1] AndroidManifest.xml:36:17-76
248-->[com.google.firebase:firebase-auth:21.0.1] AndroidManifest.xml:36:27-73
249                <category android:name="android.intent.category.BROWSABLE" />
249-->[com.google.firebase:firebase-auth:21.0.1] AndroidManifest.xml:37:17-78
249-->[com.google.firebase:firebase-auth:21.0.1] AndroidManifest.xml:37:27-75
250
251                <data
251-->[com.google.firebase:firebase-inappmessaging-display:20.1.1] AndroidManifest.xml:18:13-44
252                    android:host="firebase.auth"
253                    android:path="/"
254                    android:scheme="recaptcha" />
254-->[com.google.firebase:firebase-inappmessaging-display:20.1.1] AndroidManifest.xml:18:19-41
255            </intent-filter>
256        </activity>
257
258        <service
258-->[com.google.firebase:firebase-auth:21.0.1] AndroidManifest.xml:64:9-73:19
259            android:name="com.google.firebase.auth.api.fallback.service.FirebaseAuthFallbackService"
259-->[com.google.firebase:firebase-auth:21.0.1] AndroidManifest.xml:65:13-101
260            android:enabled="true"
260-->[com.google.firebase:firebase-auth:21.0.1] AndroidManifest.xml:66:13-35
261            android:exported="false" >
261-->[com.google.firebase:firebase-auth:21.0.1] AndroidManifest.xml:67:13-37
262            <intent-filter>
262-->[com.google.firebase:firebase-auth:21.0.1] AndroidManifest.xml:68:13-72:29
263                <action android:name="com.google.firebase.auth.api.gms.service.START" />
263-->[com.google.firebase:firebase-auth:21.0.1] AndroidManifest.xml:69:17-89
263-->[com.google.firebase:firebase-auth:21.0.1] AndroidManifest.xml:69:25-86
264
265                <category android:name="android.intent.category.DEFAULT" />
265-->[com.google.firebase:firebase-auth:21.0.1] AndroidManifest.xml:36:17-76
265-->[com.google.firebase:firebase-auth:21.0.1] AndroidManifest.xml:36:27-73
266            </intent-filter>
267        </service>
268
269        <provider
269-->[com.google.firebase:firebase-common:20.0.0] AndroidManifest.xml:26:9-31:39
270            android:name="com.google.firebase.provider.FirebaseInitProvider"
270-->[com.google.firebase:firebase-common:20.0.0] AndroidManifest.xml:27:13-77
271            android:authorities="com.kzn.chitcute.firebaseinitprovider"
271-->[com.google.firebase:firebase-common:20.0.0] AndroidManifest.xml:28:13-72
272            android:directBootAware="true"
272-->[com.google.firebase:firebase-common:20.0.0] AndroidManifest.xml:29:13-43
273            android:exported="false"
273-->[com.google.firebase:firebase-common:20.0.0] AndroidManifest.xml:30:13-37
274            android:initOrder="100" />
274-->[com.google.firebase:firebase-common:20.0.0] AndroidManifest.xml:31:13-36
275
276        <activity